1610640907940	mozrunner::runner	INFO	Running command: "C:\\Program Files\\Mozilla Firefox\\firefox.exe" "-marionette" "-foreground" "-no-remote" "-profile" "C:\\Users\\ASUS\\AppData\\Local\\Temp\\rust_mozprofileyKUQVx"
Can't find symbol 'eglSwapBuffersWithDamageEXT'.
JavaScript error: resource://gre/modules/XULStore.jsm, line 66: Error: Can't find profile directory.
console.warn: SearchSettings: "get: No settings file exists, new profile?" (new Error("", "(unknown module)"))
1610640910379	Marionette	INFO	Listening on port 35596
1610640910574	Marionette	WARN	TLS certificate errors will be ignored for this session
Can't find symbol 'eglSwapBuffersWithDamageEXT'.
JavaScript warning: https://nfa.jd.com/loadFa_toJson.js?aid=2_163_818-2_232_3431-0_0_3743-2_163_6092-2_163_817-2_163_5395-2_163_5394-0_0_8289&ver=20131107, line 185: unreachable code after return statement
JavaScript error: https://trade.jd.com/shopping/order/getOrderInfo.action, line 1: ReferenceError: submit_Order is not defined
1610640965397	Marionette	INFO	Stopped listening on port 35596

###!!! [Child][RunMessage] Error: Channel closing: too late to send/recv, messages will be lost


###!!! [Child][MessageChannel::SendAndWait] Error: Channel error: cannot send/recv

1610641081027	mozrunner::runner	INFO	Running command: "C:\\Program Files\\Mozilla Firefox\\firefox.exe" "-marionette" "-foreground" "-no-remote" "-profile" "C:\\Users\\ASUS\\AppData\\Local\\Temp\\rust_mozprofile159wTe"
Can't find symbol 'eglSwapBuffersWithDamageEXT'.
JavaScript error: resource://gre/modules/XULStore.jsm, line 66: Error: Can't find profile directory.
console.warn: SearchSettings: "get: No settings file exists, new profile?" (new Error("", "(unknown module)"))
1610641083446	Marionette	INFO	Listening on port 35927
1610641083663	Marionette	WARN	TLS certificate errors will be ignored for this session
Can't find symbol 'eglSwapBuffersWithDamageEXT'.
1610641141224	mozrunner::runner	INFO	Running command: "C:\\Program Files\\Mozilla Firefox\\firefox.exe" "-marionette" "-foreground" "-no-remote" "-profile" "C:\\Users\\ASUS\\AppData\\Local\\Temp\\rust_mozprofileINbUsx"
Can't find symbol 'eglSwapBuffersWithDamageEXT'.
JavaScript error: resource://gre/modules/XULStore.jsm, line 66: Error: Can't find profile directory.
console.warn: SearchSettings: "get: No settings file exists, new profile?" (new Error("", "(unknown module)"))
1610641143491	Marionette	INFO	Listening on port 36117
1610641143868	Marionette	WARN	TLS certificate errors will be ignored for this session
Can't find symbol 'eglSwapBuffersWithDamageEXT'.
JavaScript warning: https://nfa.jd.com/loadFa_toJson.js?aid=2_163_818-2_232_3431-0_0_3743-2_163_6092-2_163_817-2_163_5395-2_163_5394-0_0_8289&ver=20131107, line 185: unreachable code after return statement
JavaScript error: https://trade.jd.com/shopping/order/getOrderInfo.action, line 1: ReferenceError: submit_Order is not defined
1610641194651	Marionette	INFO	Stopped listening on port 36117

###!!! [Child][RunMessage] Error: Channel closing: too late to send/recv, messages will be lost


###!!! [Child][MessageChannel::SendAndWait] Error: Channel error: cannot send/recv

1610641378291	mozrunner::runner	INFO	Running command: "C:\\Program Files\\Mozilla Firefox\\firefox.exe" "-marionette" "-foreground" "-no-remote" "-profile" "C:\\Users\\ASUS\\AppData\\Local\\Temp\\rust_mozprofilenZ4lpr"
Can't find symbol 'eglSwapBuffersWithDamageEXT'.
JavaScript error: resource://gre/modules/XULStore.jsm, line 66: Error: Can't find profile directory.
console.warn: SearchSettings: "get: No settings file exists, new profile?" (new Error("", "(unknown module)"))
1610641380563	Marionette	INFO	Listening on port 36711
1610641380926	Marionette	WARN	TLS certificate errors will be ignored for this session
Can't find symbol 'eglSwapBuffersWithDamageEXT'.
JavaScript warning: https://nfa.jd.com/loadFa_toJson.js?aid=2_163_818-2_232_3431-0_0_3743-2_163_6092-2_163_817-2_163_5395-2_163_5394-0_0_8289&ver=20131107, line 185: unreachable code after return statement
1610641879216	mozrunner::runner	INFO	Running command: "C:\\Program Files\\Mozilla Firefox\\firefox.exe" "-marionette" "-foreground" "-no-remote" "-profile" "C:\\Users\\ASUS\\AppData\\Local\\Temp\\rust_mozprofilezT8Uax"
Can't find symbol 'eglSwapBuffersWithDamageEXT'.
JavaScript error: resource://gre/modules/XULStore.jsm, line 66: Error: Can't find profile directory.
console.warn: SearchSettings: "get: No settings file exists, new profile?" (new Error("", "(unknown module)"))
1610641881599	Marionette	INFO	Listening on port 37699
1610641881846	Marionette	WARN	TLS certificate errors will be ignored for this session
Can't find symbol 'eglSwapBuffersWithDamageEXT'.
JavaScript warning: https://nfa.jd.com/loadFa_toJson.js?aid=2_163_818-2_232_3431-0_0_3743-2_163_6092-2_163_817-2_163_5395-2_163_5394-2_601_3951-0_0_8289&ver=20131107, line 185: unreachable code after return statement
JavaScript error: https://trade.jd.com/shopping/order/getOrderInfo.action, line 1: ReferenceError: submit_Order is not defined
JavaScript error: https://trade.jd.com/shopping/order/getOrderInfo.action, line 1: ReferenceError: submit_Order is not defined
JavaScript error: https://trade.jd.com/shopping/order/getOrderInfo.action, line 1: ReferenceError: submit_Order is not defined
1610642635671	mozrunner::runner	INFO	Running command: "C:\\Program Files\\Mozilla Firefox\\firefox.exe" "-marionette" "-foreground" "-no-remote" "-profile" "C:\\Users\\ASUS\\AppData\\Local\\Temp\\rust_mozprofileKo3hr0"
Can't find symbol 'eglSwapBuffersWithDamageEXT'.
JavaScript error: resource://gre/modules/XULStore.jsm, line 66: Error: Can't find profile directory.
console.warn: SearchSettings: "get: No settings file exists, new profile?" (new Error("", "(unknown module)"))
1610642637928	Marionette	INFO	Listening on port 38988
1610642638300	Marionette	WARN	TLS certificate errors will be ignored for this session
Can't find symbol 'eglSwapBuffersWithDamageEXT'.
JavaScript error: https://misc.360buyimg.com/mtd/pc/index_2019/1.0.0/static/js/runtime.js, line 1: Error: Loading chunk 13 failed.
(error: https://misc.360buyimg.com/mtd/pc/index_2019/1.0.0/static/js/promotional-simple-top.chunk.js)
JavaScript warning: https://nfa.jd.com/loadFa_toJson.js?aid=2_163_818-2_232_3431-0_0_3743-2_163_6092-2_163_817-0_0_5395-0_0_5394-0_0_3951-0_0_3789-0_0_3790-0_0_6052-0_0_4035-0_0_8273&ver=20131107, line 185: unreachable code after return statement
JavaScript error: https://trade.jd.com/shopping/order/getOrderInfo.action, line 1: ReferenceError: submit_Order is not defined
JavaScript error: https://trade.jd.com/shopping/order/getOrderInfo.action, line 1: ReferenceError: submit_Order is not defined
JavaScript error: https://trade.jd.com/shopping/order/getOrderInfo.action, line 1: ReferenceError: submit_Order is not defined
1610643098213	mozrunner::runner	INFO	Running command: "C:\\Program Files\\Mozilla Firefox\\firefox.exe" "-marionette" "-foreground" "-no-remote" "-profile" "C:\\Users\\ASUS\\AppData\\Local\\Temp\\rust_mozprofileB9QHaV"
Can't find symbol 'eglSwapBuffersWithDamageEXT'.
JavaScript error: resource://gre/modules/XULStore.jsm, line 66: Error: Can't find profile directory.
console.warn: SearchSettings: "get: No settings file exists, new profile?" (new Error("", "(unknown module)"))
1610643100520	Marionette	INFO	Listening on port 39898
1610643100838	Marionette	WARN	TLS certificate errors will be ignored for this session
Can't find symbol 'eglSwapBuffersWithDamageEXT'.
1610643169484	mozrunner::runner	INFO	Running command: "C:\\Program Files\\Mozilla Firefox\\firefox.exe" "-marionette" "-foreground" "-no-remote" "-profile" "C:\\Users\\ASUS\\AppData\\Local\\Temp\\rust_mozprofile2bnTjx"
Can't find symbol 'eglSwapBuffersWithDamageEXT'.
JavaScript error: resource://gre/modules/XULStore.jsm, line 66: Error: Can't find profile directory.
console.warn: SearchSettings: "get: No settings file exists, new profile?" (new Error("", "(unknown module)"))
1610643171753	Marionette	INFO	Listening on port 40095
1610643172116	Marionette	WARN	TLS certificate errors will be ignored for this session
Can't find symbol 'eglSwapBuffersWithDamageEXT'.
JavaScript warning: https://nfa.jd.com/loadFa_toJson.js?aid=2_163_818-2_232_3431-0_0_3743-2_163_6092-2_163_817-2_163_5395-2_163_5394-2_601_3951-0_0_8289&ver=20131107, line 185: unreachable code after return statement
JavaScript error: https://trade.jd.com/shopping/order/getOrderInfo.action, line 1: ReferenceError: submit_Order is not defined
JavaScript error: https://trade.jd.com/shopping/order/getOrderInfo.action, line 1: ReferenceError: submit_Order is not defined
1610643328055	mozrunner::runner	INFO	Running command: "C:\\Program Files\\Mozilla Firefox\\firefox.exe" "-marionette" "-foreground" "-no-remote" "-profile" "C:\\Users\\ASUS\\AppData\\Local\\Temp\\rust_mozprofile2wMxpc"
Can't find symbol 'eglSwapBuffersWithDamageEXT'.
JavaScript error: resource://gre/modules/XULStore.jsm, line 66: Error: Can't find profile directory.
console.warn: SearchSettings: "get: No settings file exists, new profile?" (new Error("", "(unknown module)"))
1610643330263	Marionette	INFO	Listening on port 40411
1610643330684	Marionette	WARN	TLS certificate errors will be ignored for this session
Can't find symbol 'eglSwapBuffersWithDamageEXT'.
JavaScript warning: https://nfa.jd.com/loadFa_toJson.js?aid=2_163_818-2_232_3431-0_0_3743-2_163_6092-2_163_817-2_163_5395-2_163_5394-2_601_3951-0_0_8289&ver=20131107, line 185: unreachable code after return statement
JavaScript error: https://trade.jd.com/shopping/order/getOrderInfo.action, line 1: ReferenceError: submit_Order is not defined
JavaScript error: https://trade.jd.com/shopping/order/getOrderInfo.action, line 1: ReferenceError: submit_Order is not defined
[Child 18900, Chrome_ChildThread] WARNING: pipe error: 232: file /builds/worker/checkouts/gecko/ipc/chromium/src/chrome/common/ipc_channel_win.cc, line 545
1610643387542	Marionette	INFO	Stopped listening on port 40411

###!!! [Child][RunMessage] Error: Channel closing: too late to send/recv, messages will be lost


###!!! [Child][MessageChannel::SendAndWait] Error: Channel error: cannot send/recv

1610688045250	mozrunner::runner	INFO	Running command: "C:\\Program Files\\Mozilla Firefox\\firefox.exe" "-marionette" "-foreground" "-no-remote" "-profile" "C:\\Users\\ASUS\\AppData\\Local\\Temp\\rust_mozprofilep9b8fO"
Can't find symbol 'eglSwapBuffersWithDamageEXT'.
JavaScript error: resource://gre/modules/XULStore.jsm, line 66: Error: Can't find profile directory.
console.warn: SearchSettings: "get: No settings file exists, new profile?" (new Error("", "(unknown module)"))
1610688047836	Marionette	INFO	Listening on port 3867
1610688047916	Marionette	WARN	TLS certificate errors will be ignored for this session
Can't find symbol 'eglSwapBuffersWithDamageEXT'.
JavaScript warning: https://nfa.jd.com/loadFa_toJson.js?aid=2_163_818-2_232_3431-0_0_3743-2_163_6092-2_163_817-2_163_5395-2_163_5394-2_601_3951-0_0_8289&ver=20131107, line 185: unreachable code after return statement
JavaScript warning: https://cart.jd.com/js/cart.new.js?v=201801162217, line 998: unreachable code after return statement
1610688113493	Marionette	INFO	Stopped listening on port 3867

###!!! [Child][RunMessage] Error: Channel closing: too late to send/recv, messages will be lost


###!!! [Child][MessageChannel::SendAndWait] Error: Channel error: cannot send/recv

1610688191505	mozrunner::runner	INFO	Running command: "C:\\Program Files\\Mozilla Firefox\\firefox.exe" "-marionette" "-foreground" "-no-remote" "-profile" "C:\\Users\\ASUS\\AppData\\Local\\Temp\\rust_mozprofileJTrRtH"
Can't find symbol 'eglSwapBuffersWithDamageEXT'.
JavaScript error: resource://gre/modules/XULStore.jsm, line 66: Error: Can't find profile directory.
console.warn: SearchSettings: "get: No settings file exists, new profile?" (new Error("", "(unknown module)"))
1610688193633	Marionette	INFO	Listening on port 4404
1610688194144	Marionette	WARN	TLS certificate errors will be ignored for this session
Can't find symbol 'eglSwapBuffersWithDamageEXT'.
JavaScript warning: https://nfa.jd.com/loadFa_toJson.js?aid=2_163_818-2_232_3431-0_0_3743-2_163_6092-2_163_817-2_163_5395-2_163_5394-2_601_3951-0_0_8289&ver=20131107, line 185: unreachable code after return statement
JavaScript warning: https://cart.jd.com/js/cart.new.js?v=201801162217, line 998: unreachable code after return statement
1610688271295	Marionette	INFO	Stopped listening on port 4404

###!!! [Child][MessageChannel::SendAndWait] Error: Channel error: cannot send/recv

1610691285291	mozrunner::runner	INFO	Running command: "C:\\Program Files\\Mozilla Firefox\\firefox.exe" "-marionette" "-foreground" "-no-remote" "-profile" "C:\\Users\\ASUS\\AppData\\Local\\Temp\\rust_mozprofileTk5iLr"
Can't find symbol 'eglSwapBuffersWithDamageEXT'.
JavaScript error: resource://gre/modules/XULStore.jsm, line 66: Error: Can't find profile directory.
console.warn: SearchSettings: "get: No settings file exists, new profile?" (new Error("", "(unknown module)"))
1610691287604	Marionette	INFO	Listening on port 12426
1610691287919	Marionette	WARN	TLS certificate errors will be ignored for this session
Can't find symbol 'eglSwapBuffersWithDamageEXT'.
JavaScript warning: https://nfa.jd.com/loadFa_toJson.js?aid=2_163_818-2_232_3431-0_0_3743-2_163_6092-2_163_817-2_163_5395-2_163_5394-2_601_3951-0_0_8280&ver=20131107, line 185: unreachable code after return statement
JavaScript error: https://trade.jd.com/shopping/order/getOrderInfo.action, line 1: ReferenceError: submit_Order is not defined
JavaScript error: https://trade.jd.com/shopping/order/getOrderInfo.action, line 1: ReferenceError: submit_Order is not defined
1610691381269	Marionette	INFO	Stopped listening on port 12426

###!!! [Child][RunMessage] Error: Channel closing: too late to send/recv, messages will be lost


###!!! [Child][MessageChannel::SendAndWait] Error: Channel error: cannot send/recv

1610692001325	mozrunner::runner	INFO	Running command: "C:\\Program Files\\Mozilla Firefox\\firefox.exe" "-marionette" "-foreground" "-no-remote" "-profile" "C:\\Users\\ASUS\\AppData\\Local\\Temp\\rust_mozprofile6DQUXt"
Can't find symbol 'eglSwapBuffersWithDamageEXT'.
JavaScript error: resource://gre/modules/XULStore.jsm, line 66: Error: Can't find profile directory.
console.warn: SearchSettings: "get: No settings file exists, new profile?" (new Error("", "(unknown module)"))
1610692003400	Marionette	INFO	Listening on port 14556
1610692003463	Marionette	WARN	TLS certificate errors will be ignored for this session
Can't find symbol 'eglSwapBuffersWithDamageEXT'.
1610692102180	mozrunner::runner	INFO	Running command: "C:\\Program Files\\Mozilla Firefox\\firefox.exe" "-marionette" "-foreground" "-no-remote" "-profile" "C:\\Users\\ASUS\\AppData\\Local\\Temp\\rust_mozprofilePgCHU1"
Can't find symbol 'eglSwapBuffersWithDamageEXT'.
JavaScript error: resource://gre/modules/XULStore.jsm, line 66: Error: Can't find profile directory.
console.warn: SearchSettings: "get: No settings file exists, new profile?" (new Error("", "(unknown module)"))
1610692104174	Marionette	INFO	Listening on port 14855
1610692104222	Marionette	WARN	TLS certificate errors will be ignored for this session
Can't find symbol 'eglSwapBuffersWithDamageEXT'.
1610692184923	mozrunner::runner	INFO	Running command: "C:\\Program Files\\Mozilla Firefox\\firefox.exe" "-marionette" "-foreground" "-no-remote" "-profile" "C:\\Users\\ASUS\\AppData\\Local\\Temp\\rust_mozprofileLgYS1L"
Can't find symbol 'eglSwapBuffersWithDamageEXT'.
JavaScript error: resource://gre/modules/XULStore.jsm, line 66: Error: Can't find profile directory.
console.warn: SearchSettings: "get: No settings file exists, new profile?" (new Error("", "(unknown module)"))
1610692187042	Marionette	INFO	Listening on port 15100
1610692187559	Marionette	WARN	TLS certificate errors will be ignored for this session
Can't find symbol 'eglSwapBuffersWithDamageEXT'.
1610693072034	mozrunner::runner	INFO	Running command: "C:\\Program Files\\Mozilla Firefox\\firefox.exe" "-marionette" "-foreground" "-no-remote" "-profile" "C:\\Users\\ASUS\\AppData\\Local\\Temp\\rust_mozprofileHq3S4G"
Can't find symbol 'eglSwapBuffersWithDamageEXT'.
JavaScript error: resource://gre/modules/XULStore.jsm, line 66: Error: Can't find profile directory.
console.warn: SearchSettings: "get: No settings file exists, new profile?" (new Error("", "(unknown module)"))
1610693074266	Marionette	INFO	Listening on port 17026
1610693074670	Marionette	WARN	TLS certificate errors will be ignored for this session
Can't find symbol 'eglSwapBuffersWithDamageEXT'.
[Child 10020, Chrome_ChildThread] WARNING: pipe error: 232: file /builds/worker/checkouts/gecko/ipc/chromium/src/chrome/common/ipc_channel_win.cc, line 545
1610693115970	Marionette	INFO	Stopped listening on port 17026

###!!! [Child][RunMessage] Error: Channel closing: too late to send/recv, messages will be lost


###!!! [Child][MessageChannel::SendAndWait] Error: Channel error: cannot send/recv

1610693273682	mozrunner::runner	INFO	Running command: "C:\\Program Files\\Mozilla Firefox\\firefox.exe" "-marionette" "-foreground" "-no-remote" "-profile" "C:\\Users\\ASUS\\AppData\\Local\\Temp\\rust_mozprofilesjfMdU"
Can't find symbol 'eglSwapBuffersWithDamageEXT'.
JavaScript error: resource://gre/modules/XULStore.jsm, line 66: Error: Can't find profile directory.
console.warn: SearchSettings: "get: No settings file exists, new profile?" (new Error("", "(unknown module)"))
1610693275865	Marionette	INFO	Listening on port 17501
1610693276319	Marionette	WARN	TLS certificate errors will be ignored for this session
Can't find symbol 'eglSwapBuffersWithDamageEXT'.
JavaScript error: https://lapi.jd.com/locate?callback=jQuery834151&source=public&_=1610693286229, line 1: TypeError: jQuery834151 is not a function
JavaScript warning: https://nfa.jd.com/loadFa_toJson.js?aid=2_163_818-2_232_3431-0_0_3743-2_163_6092-2_163_817-2_163_5395-2_163_5394-2_601_3951-0_0_8280&ver=20131107, line 185: unreachable code after return statement
JavaScript error: resource://gre/modules/UrlClassifierListManager.jsm, line 691: TypeError: this.tablesData[table] is undefined
JavaScript error: https://misc.360buyimg.com/??jdf/lib/jquery-1.6.4.js,jdf/1.0.0/unit/base/1.0.0/base.js,jdf/1.0.0/unit/trimPath/1.0.0/trimPath.js,jdf/1.0.0/ui/ui/1.0.0/ui.js,jdf/1.0.0/ui/dialog/1.0.0/dialog.js, line 6: TypeError: Y[d[f]] is undefined

###!!! [Child][MessageChannel] Error: (msgtype=0x59000A,name=PHttpChannel::Msg_DeletingChannel) Channel closing: too late to send/recv, messages will be lost


###!!! [Child][MessageChannel] Error: (msgtype=0x380144,name=PContent::Msg_ScriptError) Channel closing: too late to send/recv, messages will be lost


###!!! [Child][MessageChannel] Error: (msgtype=0x59000A,name=PHttpChannel::Msg_DeletingChannel) Channel closing: too late to send/recv, messages will be lost


###!!! [Child][MessageChannel] Error: (msgtype=0x59000A,name=PHttpChannel::Msg_DeletingChannel) Channel closing: too late to send/recv, messages will be lost


###!!! [Child][RunMessage] Error: Channel closing: too late to send/recv, messages will be lost


###!!! [Child][MessageChannel] Error: (msgtype=0x59000A,name=PHttpChannel::Msg_DeletingChannel) Channel closing: too late to send/recv, messages will be lost


###!!! [Child][MessageChannel] Error: (msgtype=0x59000A,name=PHttpChannel::Msg_DeletingChannel) Channel closing: too late to send/recv, messages will be lost


###!!! [Child][MessageChannel] Error: (msgtype=0x59000A,name=PHttpChannel::Msg_DeletingChannel) Channel closing: too late to send/recv, messages will be lost


###!!! [Child][MessageChannel] Error: (msgtype=0x59000A,name=PHttpChannel::Msg_DeletingChannel) Channel closing: too late to send/recv, messages will be lost


###!!! [Child][RunMessage] Error: Channel closing: too late to send/recv, messages will be lost


###!!! [Child][MessageChannel] Error: (msgtype=0x380144,name=PContent::Msg_ScriptError) Channel closing: too late to send/recv, messages will be lost

1610693294781	Marionette	INFO	Stopped listening on port 17501

###!!! [Child][RunMessage] Error: Channel closing: too late to send/recv, messages will be lost


###!!! [Child][MessageChannel::SendAndWait] Error: Channel error: cannot send/recv

1610693388184	mozrunner::runner	INFO	Running command: "C:\\Program Files\\Mozilla Firefox\\firefox.exe" "-marionette" "-foreground" "-no-remote" "-profile" "C:\\Users\\ASUS\\AppData\\Local\\Temp\\rust_mozprofileoYzu50"
Can't find symbol 'eglSwapBuffersWithDamageEXT'.
JavaScript error: resource://gre/modules/XULStore.jsm, line 66: Error: Can't find profile directory.
console.warn: SearchSettings: "get: No settings file exists, new profile?" (new Error("", "(unknown module)"))
1610693390295	Marionette	INFO	Listening on port 17913
1610693390329	Marionette	WARN	TLS certificate errors will be ignored for this session
Can't find symbol 'eglSwapBuffersWithDamageEXT'.
JavaScript warning: https://nfa.jd.com/loadFa_toJson.js?aid=2_163_818-2_232_3431-0_0_3743-2_163_6092-2_163_817-2_163_5395-2_163_5394-2_601_3951-0_0_8280&ver=20131107, line 185: unreachable code after return statement
1610693495552	Marionette	INFO	Stopped listening on port 17913

###!!! [Child][RunMessage] Error: Channel closing: too late to send/recv, messages will be lost


###!!! [Child][MessageChannel::SendAndWait] Error: Channel error: cannot send/recv

1610693665070	mozrunner::runner	INFO	Running command: "C:\\Program Files\\Mozilla Firefox\\firefox.exe" "-marionette" "-foreground" "-no-remote" "-profile" "C:\\Users\\ASUS\\AppData\\Local\\Temp\\rust_mozprofileFUbo27"
Can't find symbol 'eglSwapBuffersWithDamageEXT'.
JavaScript error: resource://gre/modules/XULStore.jsm, line 66: Error: Can't find profile directory.
console.warn: SearchSettings: "get: No settings file exists, new profile?" (new Error("", "(unknown module)"))
1610693667272	Marionette	INFO	Listening on port 18887
1610693667706	Marionette	WARN	TLS certificate errors will be ignored for this session
Can't find symbol 'eglSwapBuffersWithDamageEXT'.
JavaScript warning: https://nfa.jd.com/loadFa_toJson.js?aid=2_163_818-2_232_3431-0_0_3743-2_163_6092-2_163_817-2_163_5395-2_163_5394-2_601_3951-0_0_8280&ver=20131107, line 185: unreachable code after return statement
1610693764699	Marionette	WARN	TimedPromise timed out after 500 ms: stacktrace:
TimedPromise/<@chrome://marionette/content/sync.js:228:19
TimedPromise@chrome://marionette/content/sync.js:213:10
interaction.flushEventLoop@chrome://marionette/content/interaction.js:418:10
webdriverClickElement@chrome://marionette/content/interaction.js:179:31
1610693766049	Marionette	WARN	TimedPromise timed out after 500 ms: stacktrace:
TimedPromise/<@chrome://marionette/content/sync.js:228:19
TimedPromise@chrome://marionette/content/sync.js:213:10
interaction.flushEventLoop@chrome://marionette/content/interaction.js:418:10
webdriverClickElement@chrome://marionette/content/interaction.js:179:31
1610693767394	Marionette	WARN	TimedPromise timed out after 500 ms: stacktrace:
TimedPromise/<@chrome://marionette/content/sync.js:228:19
TimedPromise@chrome://marionette/content/sync.js:213:10
interaction.flushEventLoop@chrome://marionette/content/interaction.js:418:10
webdriverClickElement@chrome://marionette/content/interaction.js:179:31
1610693768757	Marionette	WARN	TimedPromise timed out after 500 ms: stacktrace:
TimedPromise/<@chrome://marionette/content/sync.js:228:19
TimedPromise@chrome://marionette/content/sync.js:213:10
interaction.flushEventLoop@chrome://marionette/content/interaction.js:418:10
webdriverClickElement@chrome://marionette/content/interaction.js:179:31
1610693770478	Marionette	WARN	TimedPromise timed out after 500 ms: stacktrace:
TimedPromise/<@chrome://marionette/content/sync.js:228:19
TimedPromise@chrome://marionette/content/sync.js:213:10
interaction.flushEventLoop@chrome://marionette/content/interaction.js:418:10
webdriverClickElement@chrome://marionette/content/interaction.js:179:31
1610693771835	Marionette	WARN	TimedPromise timed out after 500 ms: stacktrace:
TimedPromise/<@chrome://marionette/content/sync.js:228:19
TimedPromise@chrome://marionette/content/sync.js:213:10
interaction.flushEventLoop@chrome://marionette/content/interaction.js:418:10
webdriverClickElement@chrome://marionette/content/interaction.js:179:31
1610693773179	Marionette	WARN	TimedPromise timed out after 500 ms: stacktrace:
TimedPromise/<@chrome://marionette/content/sync.js:228:19
TimedPromise@chrome://marionette/content/sync.js:213:10
interaction.flushEventLoop@chrome://marionette/content/interaction.js:418:10
webdriverClickElement@chrome://marionette/content/interaction.js:179:31

###!!! [Child][MessageChannel] Error: (msgtype=0x59000A,name=PHttpChannel::Msg_DeletingChannel) Channel closing: too late to send/recv, messages will be lost


###!!! [Child][RunMessage] Error: Channel closing: too late to send/recv, messages will be lost

1610693781053	Marionette	INFO	Stopped listening on port 18887

###!!! [Child][RunMessage] Error: Channel closing: too late to send/recv, messages will be lost


###!!! [Child][MessageChannel::SendAndWait] Error: Channel error: cannot send/recv

1610694242567	mozrunner::runner	INFO	Running command: "C:\\Program Files\\Mozilla Firefox\\firefox.exe" "-marionette" "-foreground" "-no-remote" "-profile" "C:\\Users\\ASUS\\AppData\\Local\\Temp\\rust_mozprofile4zo0GX"
Can't find symbol 'eglSwapBuffersWithDamageEXT'.
JavaScript error: resource://gre/modules/XULStore.jsm, line 66: Error: Can't find profile directory.
console.warn: SearchSettings: "get: No settings file exists, new profile?" (new Error("", "(unknown module)"))
1610694244763	Marionette	INFO	Listening on port 20686
1610694245201	Marionette	WARN	TLS certificate errors will be ignored for this session
Can't find symbol 'eglSwapBuffersWithDamageEXT'.
JavaScript warning: https://nfa.jd.com/loadFa_toJson.js?aid=2_163_818-2_232_3431-0_0_3743-2_163_6092-2_163_817-2_163_5395-2_163_5394-0_0_8289&ver=20131107, line 185: unreachable code after return statement
JavaScript warning: https://nfa.jd.com/loadFa_toJson.js?aid=2_163_818-2_232_3431-0_0_3743-2_163_6092-2_163_817-2_163_5395-2_163_5394-0_0_8289&ver=20131107, line 185: unreachable code after return statement
1610694376980	Marionette	WARN	TimedPromise timed out after 500 ms: stacktrace:
TimedPromise/<@chrome://marionette/content/sync.js:228:19
TimedPromise@chrome://marionette/content/sync.js:213:10
interaction.flushEventLoop@chrome://marionette/content/interaction.js:418:10
webdriverClickElement@chrome://marionette/content/interaction.js:179:31
1610694378346	Marionette	WARN	TimedPromise timed out after 500 ms: stacktrace:
TimedPromise/<@chrome://marionette/content/sync.js:228:19
TimedPromise@chrome://marionette/content/sync.js:213:10
interaction.flushEventLoop@chrome://marionette/content/interaction.js:418:10
webdriverClickElement@chrome://marionette/content/interaction.js:179:31
1610694379700	Marionette	WARN	TimedPromise timed out after 500 ms: stacktrace:
TimedPromise/<@chrome://marionette/content/sync.js:228:19
TimedPromise@chrome://marionette/content/sync.js:213:10
interaction.flushEventLoop@chrome://marionette/content/interaction.js:418:10
webdriverClickElement@chrome://marionette/content/interaction.js:179:31
1610694381039	Marionette	WARN	TimedPromise timed out after 500 ms: stacktrace:
TimedPromise/<@chrome://marionette/content/sync.js:228:19
TimedPromise@chrome://marionette/content/sync.js:213:10
interaction.flushEventLoop@chrome://marionette/content/interaction.js:418:10
webdriverClickElement@chrome://marionette/content/interaction.js:179:31
1610696536385	mozrunner::runner	INFO	Running command: "C:\\Program Files\\Mozilla Firefox\\firefox.exe" "-marionette" "-foreground" "-no-remote" "-profile" "C:\\Users\\ASUS\\AppData\\Local\\Temp\\rust_mozprofiletpp4Zk"
Can't find symbol 'eglSwapBuffersWithDamageEXT'.
JavaScript error: resource://gre/modules/XULStore.jsm, line 66: Error: Can't find profile directory.
console.warn: SearchSettings: "get: No settings file exists, new profile?" (new Error("", "(unknown module)"))
1610696538514	Marionette	INFO	Listening on port 3380
1610696539017	Marionette	WARN	TLS certificate errors will be ignored for this session
Can't find symbol 'eglSwapBuffersWithDamageEXT'.
JavaScript error: https://iv.jd.com/slide/v.html?callback=jsonp_05141612601812923, line 1: TypeError: jsonp_05141612601812923 is not a function
JavaScript error: https://misc.360buyimg.com/??user/passport/1.0.0/js/login.username.js,user/passport/1.0.0/js/login.password.js,user/passport/1.0.0/js/login.authcode.js,user/passport/1.0.0/js/login.submit-180827.js,user/passport/1.0.0/js/login.qrcode.2020-03-23.js,jdf/1.0.0/ui/placeholder/1.0.0/placeholder.js, line 8: TypeError: jdSlide is null
JavaScript error: https://misc.360buyimg.com/??user/passport/1.0.0/js/login.username.js,user/passport/1.0.0/js/login.password.js,user/passport/1.0.0/js/login.authcode.js,user/passport/1.0.0/js/login.submit-180827.js,user/passport/1.0.0/js/login.qrcode.2020-03-23.js,jdf/1.0.0/ui/placeholder/1.0.0/placeholder.js, line 8: TypeError: jdSlide is null
1610696584628	Marionette	INFO	Stopped listening on port 3380

###!!! [Child][RunMessage] Error: Channel closing: too late to send/recv, messages will be lost


###!!! [Child][MessageChannel::SendAndWait] Error: Channel error: cannot send/recv

1610696709068	mozrunner::runner	INFO	Running command: "C:\\Program Files\\Mozilla Firefox\\firefox.exe" "-marionette" "-foreground" "-no-remote" "-profile" "C:\\Users\\ASUS\\AppData\\Local\\Temp\\rust_mozprofile5HVkrO"
Can't find symbol 'eglSwapBuffersWithDamageEXT'.
JavaScript error: resource://gre/modules/XULStore.jsm, line 66: Error: Can't find profile directory.
console.warn: SearchSettings: "get: No settings file exists, new profile?" (new Error("", "(unknown module)"))
1610696710916	Marionette	INFO	Listening on port 5009
1610696711188	Marionette	WARN	TLS certificate errors will be ignored for this session
Can't find symbol 'eglSwapBuffersWithDamageEXT'.
1610696805272	mozrunner::runner	INFO	Running command: "C:\\Program Files\\Mozilla Firefox\\firefox.exe" "-marionette" "-foreground" "-no-remote" "-profile" "C:\\Users\\ASUS\\AppData\\Local\\Temp\\rust_mozprofileyy7Rs3"
Can't find symbol 'eglSwapBuffersWithDamageEXT'.
JavaScript error: resource://gre/modules/XULStore.jsm, line 66: Error: Can't find profile directory.
console.warn: SearchSettings: "get: No settings file exists, new profile?" (new Error("", "(unknown module)"))
1610696807446	Marionette	INFO	Listening on port 5231
1610696807902	Marionette	WARN	TLS certificate errors will be ignored for this session
Can't find symbol 'eglSwapBuffersWithDamageEXT'.
JavaScript error: resource://gre/actors/AutoCompleteChild.jsm, line 235: Error: Invalid autocomplete selectedIndex
JavaScript error: resource://gre/actors/AutoCompleteChild.jsm, line 235: Error: Invalid autocomplete selectedIndex
JavaScript error: resource://gre/modules/LoginManagerChild.jsm, line 190: NS_ERROR_XPC_JAVASCRIPT_ERROR_WITH_DETAILS: [JavaScript Error: "Invalid autocomplete selectedIndex" {file: "resource://gre/actors/AutoCompleteChild.jsm" line: 235}]'[JavaScript Error: "Invalid autocomplete selectedIndex" {file: "resource://gre/actors/AutoCompleteChild.jsm" line: 235}]' when calling method: [nsIAutoCompletePopup::selectedIndex]
[Child 21680, Chrome_ChildThread] WARNING: pipe error: 232: file /builds/worker/checkouts/gecko/ipc/chromium/src/chrome/common/ipc_channel_win.cc, line 545
1610696838026	Marionette	INFO	Stopped listening on port 5231

###!!! [Child][RunMessage] Error: Channel closing: too late to send/recv, messages will be lost


###!!! [Child][MessageChannel::SendAndWait] Error: Channel error: cannot send/recv

1610696913565	mozrunner::runner	INFO	Running command: "C:\\Program Files\\Mozilla Firefox\\firefox.exe" "-marionette" "-foreground" "-no-remote" "-profile" "C:\\Users\\ASUS\\AppData\\Local\\Temp\\rust_mozprofileSqQiQS"
Can't find symbol 'eglSwapBuffersWithDamageEXT'.
JavaScript error: resource://gre/modules/XULStore.jsm, line 66: Error: Can't find profile directory.
console.warn: SearchSettings: "get: No settings file exists, new profile?" (new Error("", "(unknown module)"))
1610696915767	Marionette	INFO	Listening on port 5455
1610696916208	Marionette	WARN	TLS certificate errors will be ignored for this session
Can't find symbol 'eglSwapBuffersWithDamageEXT'.
JavaScript warning: https://nfa.jd.com/loadFa_toJson.js?aid=2_163_818-2_232_3431-0_0_3743-2_163_6092-2_163_817-2_163_5395-2_163_5394-2_601_3951-0_0_8289&ver=20131107, line 185: unreachable code after return statement
1610697362838	mozrunner::runner	INFO	Running command: "C:\\Program Files\\Mozilla Firefox\\firefox.exe" "-marionette" "-foreground" "-no-remote" "-profile" "C:\\Users\\ASUS\\AppData\\Local\\Temp\\rust_mozprofileC1Dgk9"
Can't find symbol 'eglSwapBuffersWithDamageEXT'.
JavaScript error: resource://gre/modules/XULStore.jsm, line 66: Error: Can't find profile directory.
console.warn: SearchSettings: "get: No settings file exists, new profile?" (new Error("", "(unknown module)"))
1610697365028	Marionette	INFO	Listening on port 6347
1610697365472	Marionette	WARN	TLS certificate errors will be ignored for this session
Can't find symbol 'eglSwapBuffersWithDamageEXT'.
JavaScript warning: https://nfa.jd.com/loadFa_toJson.js?aid=2_163_818-2_232_3431-0_0_3743-2_163_6092-2_163_817-2_163_5395-2_163_5394-2_601_3951-0_0_8289&ver=20131107, line 185: unreachable code after return statement
JavaScript error: https://misc.360buyimg.com/retail/mall/cart/2.0.0/js/Cart.a902f537.js, line 1: Error: Loading chunk 0 failed.
(error: https://misc.360buyimg.com/retail/mall/cart/2.0.0/js/BottomRecommend.6ca395f3.js)
JavaScript error: , line 0: uncaught exception: Object
JavaScript error: https://trade.jd.com/shopping/order/getOrderInfo.action, line 1: ReferenceError: submit_Order is not defined
[Child 17004, Chrome_ChildThread] WARNING: pipe error: 232: file /builds/worker/checkouts/gecko/ipc/chromium/src/chrome/common/ipc_channel_win.cc, line 545
1610697456087	Marionette	INFO	Stopped listening on port 6347

###!!! [Child][RunMessage] Error: Channel closing: too late to send/recv, messages will be lost


###!!! [Child][MessageChannel::SendAndWait] Error: Channel error: cannot send/recv

1610768886061	mozrunner::runner	INFO	Running command: "C:\\Program Files\\Mozilla Firefox\\firefox.exe" "-marionette" "-foreground" "-no-remote" "-profile" "C:\\Users\\ASUS\\AppData\\Local\\Temp\\rust_mozprofileSHwZ3v"
Can't find symbol 'eglSwapBuffersWithDamageEXT'.
JavaScript error: resource://gre/modules/XULStore.jsm, line 66: Error: Can't find profile directory.
console.warn: SearchSettings: "get: No settings file exists, new profile?" (new Error("", "(unknown module)"))
1610768888264	Marionette	INFO	Listening on port 56394
1610768888688	Marionette	WARN	TLS certificate errors will be ignored for this session
Can't find symbol 'eglSwapBuffersWithDamageEXT'.
JavaScript warning: https://nfa.jd.com/loadFa_toJson.js?aid=2_163_818-2_232_3431-0_0_3743-2_163_6092-2_163_817-2_163_5395-2_163_5394-0_0_8274&ver=20131107, line 185: unreachable code after return statement
JavaScript warning: https://nfa.jd.com/loadFa_toJson.js?aid=2_163_818-2_232_3431-0_0_3743-2_163_6092-2_163_817-2_163_5395-2_163_5394-0_0_8274&ver=20131107, line 185: unreachable code after return statement
1610769101268	mozrunner::runner	INFO	Running command: "C:\\Program Files\\Mozilla Firefox\\firefox.exe" "-marionette" "-foreground" "-no-remote" "-profile" "C:\\Users\\ASUS\\AppData\\Local\\Temp\\rust_mozprofileX7ANoF"
Can't find symbol 'eglSwapBuffersWithDamageEXT'.
JavaScript error: resource://gre/modules/XULStore.jsm, line 66: Error: Can't find profile directory.
console.warn: SearchSettings: "get: No settings file exists, new profile?" (new Error("", "(unknown module)"))
1610769103385	Marionette	INFO	Listening on port 57072
1610769103909	Marionette	WARN	TLS certificate errors will be ignored for this session
Can't find symbol 'eglSwapBuffersWithDamageEXT'.
JavaScript error: https://lapi.jd.com/locate?callback=jQuery7585290&source=public&_=1610769137259, line 1: TypeError: jQuery7585290 is not a function
JavaScript warning: https://nfa.jd.com/loadFa_toJson.js?aid=2_163_818-2_232_3431-0_0_3743-2_163_6092-2_163_817-2_163_5395-2_163_5394-0_0_8274&ver=20131107, line 185: unreachable code after return statement
1610769302260	mozrunner::runner	INFO	Running command: "C:\\Program Files\\Mozilla Firefox\\firefox.exe" "-marionette" "-foreground" "-no-remote" "-profile" "C:\\Users\\ASUS\\AppData\\Local\\Temp\\rust_mozprofileuvo2zY"
Can't find symbol 'eglSwapBuffersWithDamageEXT'.
JavaScript error: resource://gre/modules/XULStore.jsm, line 66: Error: Can't find profile directory.
console.warn: SearchSettings: "get: No settings file exists, new profile?" (new Error("", "(unknown module)"))
1610769304362	Marionette	INFO	Listening on port 57741
1610769304402	Marionette	WARN	TLS certificate errors will be ignored for this session
Can't find symbol 'eglSwapBuffersWithDamageEXT'.
JavaScript warning: https://nfa.jd.com/loadFa_toJson.js?aid=2_163_818-2_232_3431-0_0_3743-2_163_6092-2_163_817-2_163_5395-2_163_5394-0_0_8274&ver=20131107, line 185: unreachable code after return statement
1611927118310	mozrunner::runner	INFO	Running command: "C:\\Program Files\\Mozilla Firefox\\firefox.exe" "-marionette" "-foreground" "-no-remote" "-profile" "C:\\Users\\ASUS\\AppData\\Local\\Temp\\rust_mozprofile5JWcIY"
Can't find symbol 'eglSwapBuffersWithDamageEXT'.
JavaScript error: resource://gre/modules/XULStore.jsm, line 66: Error: Can't find profile directory.
console.warn: SearchSettings: "get: No settings file exists, new profile?" (new Error("", "(unknown module)"))
1611927121562	Marionette	INFO	Listening on port 1246
1611927121996	Marionette	WARN	TLS certificate errors will be ignored for this session
console.error: Region.jsm: "Error fetching region" (new AbortError("The operation was aborted. ", (void 0), 697))
console.error: Region.jsm: "Failed to fetch region" (new Error("NO_RESULT", "resource://gre/modules/Region.jsm", 351))
Can't find symbol 'eglSwapBuffersWithDamageEXT'.
JavaScript warning: https://nfa.jd.com/loadFa_toJson.js?aid=2_163_818-2_232_3431-0_0_3743-2_163_6092-2_163_817-2_163_5395-2_163_5394-0_0_8289&ver=20131107, line 185: unreachable code after return statement
JavaScript warning: https://nfa.jd.com/loadFa_toJson.js?aid=2_163_818-2_232_3431-0_0_3743-2_163_6092-2_163_817-2_163_5395-2_163_5394-0_0_8289&ver=20131107, line 185: unreachable code after return statement
JavaScript warning: https://nfa.jd.com/loadFa_toJson.js?aid=2_163_818-2_232_3431-0_0_3743-2_163_6092-2_163_817-2_163_5395-2_163_5394-0_0_8289&ver=20131107, line 185: unreachable code after return statement
JavaScript warning: https://nfa.jd.com/loadFa_toJson.js?aid=2_163_818-2_232_3431-0_0_3743-2_163_6092-2_163_817-2_163_5395-2_163_5394-0_0_8289&ver=20131107, line 185: unreachable code after return statement
JavaScript warning: https://nfa.jd.com/loadFa_toJson.js?aid=2_163_818-2_232_3431-0_0_3743-2_163_6092-2_163_817-2_163_5395-2_163_5394-0_0_8289&ver=20131107, line 185: unreachable code after return statement
JavaScript warning: https://nfa.jd.com/loadFa_toJson.js?aid=2_163_818-2_232_3431-0_0_3743-2_163_6092-2_163_817-2_163_5395-2_163_5394-0_0_8289&ver=20131107, line 185: unreachable code after return statement
JavaScript warning: https://nfa.jd.com/loadFa_toJson.js?aid=2_163_818-2_232_3431-0_0_3743-2_163_6092-2_163_817-2_163_5395-2_163_5394-0_0_8289&ver=20131107, line 185: unreachable code after return statement
JavaScript warning: https://nfa.jd.com/loadFa_toJson.js?aid=2_163_818-2_232_3431-0_0_3743-2_163_6092-2_163_817-2_163_5395-2_163_5394-0_0_8289&ver=20131107, line 185: unreachable code after return statement
JavaScript warning: https://nfa.jd.com/loadFa_toJson.js?aid=2_163_818-2_232_3431-0_0_3743-2_163_6092-2_163_817-2_163_5395-2_163_5394-0_0_8289&ver=20131107, line 185: unreachable code after return statement
JavaScript warning: https://nfa.jd.com/loadFa_toJson.js?aid=2_163_818-2_232_3431-0_0_3743-2_163_6092-2_163_817-2_163_5395-2_163_5394-0_0_8289&ver=20131107, line 185: unreachable code after return statement
JavaScript warning: https://nfa.jd.com/loadFa_toJson.js?aid=2_163_818-2_232_3431-0_0_3743-2_163_6092-2_163_817-2_163_5395-2_163_5394-0_0_8289&ver=20131107, line 185: unreachable code after return statement
JavaScript warning: https://nfa.jd.com/loadFa_toJson.js?aid=2_163_818-2_232_3431-0_0_3743-2_163_6092-2_163_817-2_163_5395-2_163_5394-0_0_8289&ver=20131107, line 185: unreachable code after return statement
JavaScript warning: https://nfa.jd.com/loadFa_toJson.js?aid=2_163_818-2_232_3431-0_0_3743-2_163_6092-2_163_817-2_163_5395-2_163_5394-0_0_8289&ver=20131107, line 185: unreachable code after return statement
JavaScript warning: https://nfa.jd.com/loadFa_toJson.js?aid=2_163_818-2_232_3431-0_0_3743-2_163_6092-2_163_817-2_163_5395-2_163_5394-0_0_8289&ver=20131107, line 185: unreachable code after return statement
JavaScript warning: https://nfa.jd.com/loadFa_toJson.js?aid=2_163_818-2_232_3431-0_0_3743-2_163_6092-2_163_817-2_163_5395-2_163_5394-0_0_8289&ver=20131107, line 185: unreachable code after return statement
JavaScript warning: https://nfa.jd.com/loadFa_toJson.js?aid=2_163_818-2_232_3431-0_0_3743-2_163_6092-2_163_817-2_163_5395-2_163_5394-0_0_8289&ver=20131107, line 185: unreachable code after return statement
JavaScript warning: https://nfa.jd.com/loadFa_toJson.js?aid=2_163_818-2_232_3431-0_0_3743-2_163_6092-2_163_817-2_163_5395-2_163_5394-0_0_8289&ver=20131107, line 185: unreachable code after return statement
JavaScript warning: https://nfa.jd.com/loadFa_toJson.js?aid=2_163_818-2_232_3431-0_0_3743-2_163_6092-2_163_817-2_163_5395-2_163_5394-0_0_8289&ver=20131107, line 185: unreachable code after return statement
